<?xml version="1.0" encoding="UTF-8"?>
<!-- Generated by org.testng.reporters.JUnitXMLReporter -->
<testsuite hostname="DESKTOP-18F4G47" ignored="0" name="Default test" tests="3" failures="0" timestamp="15 Jun 2020 18:13:49 GMT" time="15.659" errors="0">
  <testcase name="verifySignUpLinkTest" time="4.717" classname="com.qa.hubspot.tests.LoginPageTest"/>
  <testcase name="verifyLoginPageTitleTest" time="0.018" classname="com.qa.hubspot.tests.LoginPageTest"/>
  <testcase name="loginTest" time="1.281" classname="com.qa.hubspot.tests.LoginPageTest"/>
</testsuite> <!-- Default test -->
