<?xml version="1.0" encoding="UTF-8"?>
<!-- Generated by org.testng.reporters.JUnitXMLReporter -->
<testsuite hostname="DESKTOP-18F4G47" ignored="0" name="home page test" tests="3" failures="0" timestamp="16 Jun 2020 15:18:44 GMT" time="23.932" errors="0">
  <testcase name="verifyHomePageHeader" time="5.265" classname="com.qa.hubspot.tests.HomePageTest"/>
  <testcase name="verifyLoggedInUserTest" time="0.349" classname="com.qa.hubspot.tests.HomePageTest"/>
  <testcase name="verifyHomePageTitle" time="0.017" classname="com.qa.hubspot.tests.HomePageTest"/>
</testsuite> <!-- home page test -->
