<?xml version="1.0" encoding="UTF-8"?>
<!-- Generated by org.testng.reporters.JUnitXMLReporter -->
<testsuite hostname="DESKTOP-18F4G47" ignored="0" name="home page test" tests="3" failures="0" timestamp="15 Jun 2020 20:32:09 GMT" time="22.681" errors="0">
  <testcase name="verifyHomePageHeader" time="3.906" classname="com.qa.hubspot.tests.HomePageTest"/>
  <testcase name="verifyLoggedInUserTest" time="0.514" classname="com.qa.hubspot.tests.HomePageTest"/>
  <testcase name="verifyHomePageTitle" time="0.015" classname="com.qa.hubspot.tests.HomePageTest"/>
</testsuite> <!-- home page test -->
