<?xml version="1.0" encoding="UTF-8"?>
<!-- Generated by org.testng.reporters.JUnitXMLReporter -->
<testsuite hostname="DESKTOP-18F4G47" ignored="0" name="login test" tests="3" failures="0" timestamp="16 Jun 2020 15:18:41 GMT" time="21.292" errors="0">
  <testcase name="verifySignUpLinkTest" time="5.495" classname="com.qa.hubspot.tests.LoginPageTest"/>
  <testcase name="verifyLoginPageTitleTest" time="0.053" classname="com.qa.hubspot.tests.LoginPageTest"/>
  <testcase name="loginTest" time="2.172" classname="com.qa.hubspot.tests.LoginPageTest"/>
</testsuite> <!-- login test -->
