<?xml version="1.0" encoding="UTF-8"?>
<!-- Generated by org.testng.reporters.JUnitXMLReporter -->
<testsuite hostname="DESKTOP-18F4G47" ignored="0" name="login test" tests="3" failures="0" timestamp="15 Jun 2020 20:32:05 GMT" time="19.065" errors="0">
  <testcase name="verifySignUpLinkTest" time="5.333" classname="com.qa.hubspot.tests.LoginPageTest"/>
  <testcase name="verifyLoginPageTitleTest" time="0.05" classname="com.qa.hubspot.tests.LoginPageTest"/>
  <testcase name="loginTest" time="2.38" classname="com.qa.hubspot.tests.LoginPageTest"/>
</testsuite> <!-- login test -->
