<?xml version="1.0" encoding="UTF-8"?>
<testng-results skipped="0" failed="0" ignored="0" total="6" passed="6">
  <reporter-output>
  </reporter-output>
  <suite name="Hub spot Test automation regression suite" duration-ms="22681" started-at="2020-06-15T20:31:46Z" finished-at="2020-06-15T20:32:09Z">
    <groups>
    </groups>
    <test name="login test" duration-ms="19065" started-at="2020-06-15T20:31:46Z" finished-at="2020-06-15T20:32:05Z">
      <class name="com.qa.hubspot.tests.LoginPageTest">
        <test-method status="PASS" signature="setup()[pri:0, instance:com.qa.hubspot.tests.LoginPageTest@475530b9]" name="setup" is-config="true" duration-ms="8791" started-at="2020-06-15T15:31:46Z" finished-at="2020-06-15T15:31:55Z">
          <reporter-output>
          </reporter-output>
        </test-method> <!-- setup -->
        <test-method status="PASS" signature="verifySignUpLinkTest()[pri:1, instance:com.qa.hubspot.tests.LoginPageTest@475530b9]" name="verifySignUpLinkTest" duration-ms="5333" started-at="2020-06-15T15:31:55Z" finished-at="2020-06-15T15:32:00Z">
          <reporter-output>
          </reporter-output>
        </test-method> <!-- verifySignUpLinkTest -->
        <test-method status="PASS" signature="verifyLoginPageTitleTest()[pri:2, instance:com.qa.hubspot.tests.LoginPageTest@475530b9]" name="verifyLoginPageTitleTest" duration-ms="50" started-at="2020-06-15T15:32:00Z" finished-at="2020-06-15T15:32:01Z">
          <reporter-output>
          </reporter-output>
        </test-method> <!-- verifyLoginPageTitleTest -->
        <test-method status="PASS" signature="loginTest()[pri:3, instance:com.qa.hubspot.tests.LoginPageTest@475530b9]" name="loginTest" duration-ms="2380" started-at="2020-06-15T15:32:01Z" finished-at="2020-06-15T15:32:03Z">
          <reporter-output>
          </reporter-output>
        </test-method> <!-- loginTest -->
        <test-method status="PASS" signature="teardown()[pri:0, instance:com.qa.hubspot.tests.LoginPageTest@475530b9]" name="teardown" is-config="true" duration-ms="2454" started-at="2020-06-15T15:32:03Z" finished-at="2020-06-15T15:32:05Z">
          <reporter-output>
          </reporter-output>
        </test-method> <!-- teardown -->
      </class> <!-- com.qa.hubspot.tests.LoginPageTest -->
    </test> <!-- login test -->
    <test name="home page test" duration-ms="22681" started-at="2020-06-15T20:31:46Z" finished-at="2020-06-15T20:32:09Z">
      <class name="com.qa.hubspot.tests.HomePageTest">
        <test-method status="PASS" signature="setup()[pri:0, instance:com.qa.hubspot.tests.HomePageTest@3bfdc050]" name="setup" is-config="true" duration-ms="16462" started-at="2020-06-15T15:31:46Z" finished-at="2020-06-15T15:32:03Z">
          <reporter-output>
          </reporter-output>
        </test-method> <!-- setup -->
        <test-method status="PASS" signature="verifyHomePageHeader()[pri:1, instance:com.qa.hubspot.tests.HomePageTest@3bfdc050]" name="verifyHomePageHeader" duration-ms="3906" started-at="2020-06-15T15:32:03Z" finished-at="2020-06-15T15:32:07Z">
          <reporter-output>
          </reporter-output>
        </test-method> <!-- verifyHomePageHeader -->
        <test-method status="PASS" signature="verifyLoggedInUserTest()[pri:2, instance:com.qa.hubspot.tests.HomePageTest@3bfdc050]" name="verifyLoggedInUserTest" duration-ms="514" started-at="2020-06-15T15:32:07Z" finished-at="2020-06-15T15:32:07Z">
          <reporter-output>
          </reporter-output>
        </test-method> <!-- verifyLoggedInUserTest -->
        <test-method status="PASS" signature="verifyHomePageTitle()[pri:3, instance:com.qa.hubspot.tests.HomePageTest@3bfdc050]" name="verifyHomePageTitle" duration-ms="15" started-at="2020-06-15T15:32:07Z" finished-at="2020-06-15T15:32:07Z">
          <reporter-output>
          </reporter-output>
        </test-method> <!-- verifyHomePageTitle -->
        <test-method status="PASS" signature="teardown()[pri:0, instance:com.qa.hubspot.tests.HomePageTest@3bfdc050]" name="teardown" is-config="true" duration-ms="1765" started-at="2020-06-15T15:32:07Z" finished-at="2020-06-15T15:32:09Z">
          <reporter-output>
          </reporter-output>
        </test-method> <!-- teardown -->
      </class> <!-- com.qa.hubspot.tests.HomePageTest -->
    </test> <!-- home page test -->
  </suite> <!-- Hub spot Test automation regression suite -->
</testng-results>
